C:\Users\Loshadka\IdeaProjects\AutoStairDraw\Чертеж1.dwg,1,07.09.2023 19:36:21,Loshadka,AutoCAD PDF (General Documentation).pc3,ISO без полей A4 (297.00 x 210.00 мм),1:1,
C:\Users\Loshadka\IdeaProjects\AutoStairDraw\Чертеж1.dwg,2,07.09.2023 19:36:24,Loshadka,AutoCAD PDF (General Documentation).pc3,ISO без полей A4 (297.00 x 210.00 мм),1:1,
C:\Users\Loshadka\IdeaProjects\AutoStairDraw\Чертеж1.dwg,3,07.09.2023 19:36:25,Loshadka,AutoCAD PDF (General Documentation).pc3,ISO без полей A4 (297.00 x 210.00 мм),1:1,
C:\Users\Loshadka\IdeaProjects\AutoStairDraw\Чертеж1.dwg,1,07.09.2023 19:40:35,Loshadka,AutoCAD PDF (General Documentation).pc3,ISO без полей A4 (297.00 x 210.00 мм),1:1,
C:\Users\Loshadka\IdeaProjects\AutoStairDraw\Чертеж1.dwg,2,07.09.2023 19:40:38,Loshadka,AutoCAD PDF (General Documentation).pc3,ISO без полей A4 (297.00 x 210.00 мм),1:1,
C:\Users\Loshadka\IdeaProjects\AutoStairDraw\Чертеж1.dwg,1,07.09.2023 20:41:26,Loshadka,AutoCAD PDF (General Documentation).pc3,ISO без полей A4 (297.00 x 210.00 мм),1:1,
C:\Users\Loshadka\IdeaProjects\AutoStairDraw\Чертеж1.dwg,2,07.09.2023 20:41:29,Loshadka,AutoCAD PDF (General Documentation).pc3,ISO без полей A4 (297.00 x 210.00 мм),1:1,
C:\Users\Loshadka\IdeaProjects\AutoStairDraw\Чертеж1.dwg,3,07.09.2023 20:41:31,Loshadka,AutoCAD PDF (General Documentation).pc3,ISO без полей A4 (297.00 x 210.00 мм),1:1,
C:\Users\Loshadka\IdeaProjects\AutoStairDraw\Чертеж1.dwg,1,07.09.2023 20:55:28,Loshadka,AutoCAD PDF (General Documentation).pc3,ISO без полей A4 (297.00 x 210.00 мм),1:1,
C:\Users\Loshadka\IdeaProjects\AutoStairDraw\Чертеж1.dwg,2,07.09.2023 20:55:30,Loshadka,AutoCAD PDF (General Documentation).pc3,ISO без полей A4 (297.00 x 210.00 мм),1:1,
C:\Users\Loshadka\IdeaProjects\AutoStairDraw\Чертеж1.dwg,3,07.09.2023 20:55:32,Loshadka,AutoCAD PDF (General Documentation).pc3,ISO без полей A4 (297.00 x 210.00 мм),1:1,
C:\Users\Loshadka\IdeaProjects\AutoStairDraw\Чертеж1.dwg,1,07.09.2023 21:05:33,Loshadka,AutoCAD PDF (General Documentation).pc3,ISO без полей A4 (297.00 x 210.00 мм),1:1,
C:\Users\Loshadka\IdeaProjects\AutoStairDraw\Чертеж1.dwg,1,07.09.2023 21:10:57,Loshadka,AutoCAD PDF (General Documentation).pc3,ISO без полей A4 (297.00 x 210.00 мм),1:1,
C:\Users\Loshadka\IdeaProjects\AutoStairDraw\Чертеж1.dwg,2,07.09.2023 21:10:59,Loshadka,AutoCAD PDF (General Documentation).pc3,ISO без полей A4 (297.00 x 210.00 мм),1:1,
C:\Users\Loshadka\IdeaProjects\AutoStairDraw\Чертеж1.dwg,3,07.09.2023 21:11:01,Loshadka,AutoCAD PDF (General Documentation).pc3,ISO без полей A4 (297.00 x 210.00 мм),1:1,
C:\Users\Loshadka\IdeaProjects\AutoStairDraw\Чертеж1.dwg,1,07.09.2023 21:12:45,Loshadka,AutoCAD PDF (General Documentation).pc3,ISO без полей A4 (297.00 x 210.00 мм),1:1,
C:\Users\Loshadka\IdeaProjects\AutoStairDraw\Чертеж1.dwg,1,08.09.2023 18:27:05,Loshadka,AutoCAD PDF (General Documentation).pc3,ISO без полей A4 (297.00 x 210.00 мм),1:1,
C:\Users\Loshadka\IdeaProjects\AutoStairDraw\Чертеж1.dwg,2,08.09.2023 18:27:08,Loshadka,AutoCAD PDF (General Documentation).pc3,ISO без полей A4 (297.00 x 210.00 мм),1:1,
C:\Users\Loshadka\IdeaProjects\AutoStairDraw\Чертеж1.dwg,3,08.09.2023 18:27:09,Loshadka,AutoCAD PDF (General Documentation).pc3,ISO без полей A4 (297.00 x 210.00 мм),1:1,
C:\Users\Loshadka\IdeaProjects\AutoStairDraw\Чертеж1.dwg,1,08.09.2023 18:29:24,Loshadka,AutoCAD PDF (General Documentation).pc3,ISO без полей A4 (297.00 x 210.00 мм),1:1,
C:\Users\Loshadka\IdeaProjects\AutoStairDraw\Чертеж1.dwg,2,08.09.2023 18:29:27,Loshadka,AutoCAD PDF (General Documentation).pc3,ISO без полей A4 (297.00 x 210.00 мм),1:1,
C:\Users\Loshadka\IdeaProjects\AutoStairDraw\Чертеж1.dwg,3,08.09.2023 18:29:28,Loshadka,AutoCAD PDF (General Documentation).pc3,ISO без полей A4 (297.00 x 210.00 мм),1:1,
C:\Users\Loshadka\IdeaProjects\AutoStairDraw\Чертеж1.dwg,1,08.09.2023 18:32:13,Loshadka,AutoCAD PDF (General Documentation).pc3,ISO без полей A4 (297.00 x 210.00 мм),1:1,
C:\Users\Loshadka\IdeaProjects\AutoStairDraw\Чертеж1.dwg,2,08.09.2023 18:32:17,Loshadka,AutoCAD PDF (General Documentation).pc3,ISO без полей A4 (297.00 x 210.00 мм),1:1,
C:\Users\Loshadka\IdeaProjects\AutoStairDraw\Чертеж1.dwg,3,08.09.2023 18:32:19,Loshadka,AutoCAD PDF (General Documentation).pc3,ISO без полей A4 (297.00 x 210.00 мм),1:1,
C:\Users\Loshadka\IdeaProjects\AutoStairDraw\Чертеж1.dwg,1,08.09.2023 18:35:25,Loshadka,AutoCAD PDF (General Documentation).pc3,ISO без полей A4 (297.00 x 210.00 мм),1:1,
C:\Users\Loshadka\IdeaProjects\AutoStairDraw\Чертеж1.dwg,2,08.09.2023 18:35:30,Loshadka,AutoCAD PDF (General Documentation).pc3,ISO без полей A4 (297.00 x 210.00 мм),1:1,
C:\Users\Loshadka\IdeaProjects\AutoStairDraw\Чертеж1.dwg,3,08.09.2023 18:35:31,Loshadka,AutoCAD PDF (General Documentation).pc3,ISO без полей A4 (297.00 x 210.00 мм),1:1,
C:\Users\Loshadka\IdeaProjects\AutoStairDraw\Чертеж1.dwg,1,08.09.2023 18:40:13,Loshadka,AutoCAD PDF (General Documentation).pc3,ISO без полей A4 (297.00 x 210.00 мм),1:1,
C:\Users\Loshadka\IdeaProjects\AutoStairDraw\Чертеж1.dwg,2,08.09.2023 18:40:16,Loshadka,AutoCAD PDF (General Documentation).pc3,ISO без полей A4 (297.00 x 210.00 мм),1:1,
C:\Users\Loshadka\IdeaProjects\AutoStairDraw\Чертеж1.dwg,3,08.09.2023 18:40:20,Loshadka,AutoCAD PDF (General Documentation).pc3,ISO без полей A4 (297.00 x 210.00 мм),1:1,
C:\Users\Loshadka\IdeaProjects\AutoStairDraw\Чертеж1.dwg,1,08.09.2023 18:45:56,Loshadka,AutoCAD PDF (General Documentation).pc3,ISO без полей A4 (297.00 x 210.00 мм),1:1,
C:\Users\Loshadka\IdeaProjects\AutoStairDraw\Чертеж1.dwg,2,08.09.2023 18:45:59,Loshadka,AutoCAD PDF (General Documentation).pc3,ISO без полей A4 (297.00 x 210.00 мм),1:1,
C:\Users\Loshadka\IdeaProjects\AutoStairDraw\Чертеж1.dwg,3,08.09.2023 18:46:00,Loshadka,AutoCAD PDF (General Documentation).pc3,ISO без полей A4 (297.00 x 210.00 мм),1:1,
C:\Users\Loshadka\Desktop\Чертеж1.dwg,1,08.09.2023 18:50:20,Loshadka,AutoCAD PDF (General Documentation).pc3,ISO без полей A4 (297.00 x 210.00 мм),1:1,
C:\Users\Loshadka\Desktop\Чертеж1.dwg,2,08.09.2023 18:50:23,Loshadka,AutoCAD PDF (General Documentation).pc3,ISO без полей A4 (297.00 x 210.00 мм),1:1,
C:\Users\Loshadka\Desktop\Чертеж1.dwg,3,08.09.2023 18:50:26,Loshadka,AutoCAD PDF (General Documentation).pc3,ISO без полей A4 (297.00 x 210.00 мм),1:1,
C:\Users\Loshadka\Desktop\Чертеж1.dwg,Дет001,08.09.2023 18:50:27,Loshadka,AutoCAD PDF (General Documentation).pc3,ISO без полей A4 (297.00 x 210.00 мм),1:1,
C:\Users\Loshadka\IdeaProjects\AutoStairDraw\Чертеж1.dwg,1,09.09.2023 0:53:19,Loshadka,AutoCAD PDF (General Documentation).pc3,ISO без полей A4 (297.00 x 210.00 мм),1:1,
C:\Users\Loshadka\IdeaProjects\AutoStairDraw\Чертеж1.dwg,2,09.09.2023 0:53:22,Loshadka,AutoCAD PDF (General Documentation).pc3,ISO без полей A4 (297.00 x 210.00 мм),1:1,
C:\Users\Loshadka\IdeaProjects\AutoStairDraw\Чертеж1.dwg,3,09.09.2023 0:53:24,Loshadka,AutoCAD PDF (General Documentation).pc3,ISO без полей A4 (297.00 x 210.00 мм),1:1,
C:\Users\Loshadka\IdeaProjects\AutoStairDraw\Чертеж1.dwg,1,09.09.2023 1:06:33,Loshadka,AutoCAD PDF (General Documentation).pc3,ISO без полей A4 (297.00 x 210.00 мм),1:1,
C:\Users\Loshadka\IdeaProjects\AutoStairDraw\Чертеж1.dwg,2,09.09.2023 1:06:35,Loshadka,AutoCAD PDF (General Documentation).pc3,ISO без полей A4 (297.00 x 210.00 мм),1:1,
C:\Users\Loshadka\IdeaProjects\AutoStairDraw\Чертеж1.dwg,3,09.09.2023 1:06:37,Loshadka,AutoCAD PDF (General Documentation).pc3,ISO без полей A4 (297.00 x 210.00 мм),1:1,
C:\Users\Loshadka\IdeaProjects\AutoStairDraw\Чертеж1.dwg,1,09.09.2023 1:08:12,Loshadka,AutoCAD PDF (General Documentation).pc3,ISO без полей A4 (297.00 x 210.00 мм),1:1,
C:\Users\Loshadka\IdeaProjects\AutoStairDraw\Чертеж1.dwg,2,09.09.2023 1:08:15,Loshadka,AutoCAD PDF (General Documentation).pc3,ISO без полей A4 (297.00 x 210.00 мм),1:1,
C:\Users\Loshadka\IdeaProjects\AutoStairDraw\Чертеж1.dwg,3,09.09.2023 1:08:17,Loshadka,AutoCAD PDF (General Documentation).pc3,ISO без полей A4 (297.00 x 210.00 мм),1:1,
C:\Users\Loshadka\IdeaProjects\AutoStairDraw\Чертеж1.dwg,1,09.09.2023 1:11:07,Loshadka,AutoCAD PDF (General Documentation).pc3,ISO без полей A4 (297.00 x 210.00 мм),1:1,
C:\Users\Loshadka\IdeaProjects\AutoStairDraw\Чертеж1.dwg,2,09.09.2023 1:11:11,Loshadka,AutoCAD PDF (General Documentation).pc3,ISO без полей A4 (297.00 x 210.00 мм),1:1,
C:\Users\Loshadka\IdeaProjects\AutoStairDraw\Чертеж1.dwg,3,09.09.2023 1:11:12,Loshadka,AutoCAD PDF (General Documentation).pc3,ISO без полей A4 (297.00 x 210.00 мм),1:1,
C:\Users\Loshadka\IdeaProjects\AutoStairDraw\Чертеж1.dwg,1,09.09.2023 1:12:15,Loshadka,AutoCAD PDF (General Documentation).pc3,ISO без полей A4 (297.00 x 210.00 мм),1:1,
C:\Users\Loshadka\IdeaProjects\AutoStairDraw\Чертеж1.dwg,2,09.09.2023 1:12:17,Loshadka,AutoCAD PDF (General Documentation).pc3,ISO без полей A4 (297.00 x 210.00 мм),1:1,
C:\Users\Loshadka\IdeaProjects\AutoStairDraw\Чертеж1.dwg,3,09.09.2023 1:12:19,Loshadka,AutoCAD PDF (General Documentation).pc3,ISO без полей A4 (297.00 x 210.00 мм),1:1,
C:\Users\Loshadka\IdeaProjects\AutoStairDraw\Чертеж1.dwg,1,09.09.2023 1:15:24,Loshadka,AutoCAD PDF (General Documentation).pc3,ISO без полей A4 (297.00 x 210.00 мм),1:1,
C:\Users\Loshadka\IdeaProjects\AutoStairDraw\Чертеж1.dwg,2,09.09.2023 1:15:26,Loshadka,AutoCAD PDF (General Documentation).pc3,ISO без полей A4 (297.00 x 210.00 мм),1:1,
C:\Users\Loshadka\IdeaProjects\AutoStairDraw\Чертеж1.dwg,3,09.09.2023 1:15:29,Loshadka,AutoCAD PDF (General Documentation).pc3,ISO без полей A4 (297.00 x 210.00 мм),1:1,
C:\Users\Loshadka\IdeaProjects\AutoStairDraw\Чертеж1.dwg,1,09.09.2023 1:16:33,Loshadka,AutoCAD PDF (General Documentation).pc3,ISO без полей A4 (297.00 x 210.00 мм),1:1,
C:\Users\Loshadka\IdeaProjects\AutoStairDraw\Чертеж1.dwg,2,09.09.2023 1:16:35,Loshadka,AutoCAD PDF (General Documentation).pc3,ISO без полей A4 (297.00 x 210.00 мм),1:1,
C:\Users\Loshadka\IdeaProjects\AutoStairDraw\Чертеж1.dwg,3,09.09.2023 1:16:36,Loshadka,AutoCAD PDF (General Documentation).pc3,ISO без полей A4 (297.00 x 210.00 мм),1:1,
C:\Users\Loshadka\IdeaProjects\AutoStairDraw\Чертеж1.dwg,1,09.09.2023 1:21:10,Loshadka,AutoCAD PDF (General Documentation).pc3,ISO без полей A4 (297.00 x 210.00 мм),1:1,
C:\Users\Loshadka\IdeaProjects\AutoStairDraw\Чертеж1.dwg,2,09.09.2023 1:21:14,Loshadka,AutoCAD PDF (General Documentation).pc3,ISO без полей A4 (297.00 x 210.00 мм),1:1,
C:\Users\Loshadka\IdeaProjects\AutoStairDraw\Чертеж1.dwg,3,09.09.2023 1:21:15,Loshadka,AutoCAD PDF (General Documentation).pc3,ISO без полей A4 (297.00 x 210.00 мм),1:1,
C:\Users\Loshadka\IdeaProjects\AutoStairDraw\Чертеж1.dwg,1,09.09.2023 1:22:44,Loshadka,AutoCAD PDF (General Documentation).pc3,ISO без полей A4 (297.00 x 210.00 мм),1:1,
C:\Users\Loshadka\IdeaProjects\AutoStairDraw\Чертеж1.dwg,2,09.09.2023 1:22:47,Loshadka,AutoCAD PDF (General Documentation).pc3,ISO без полей A4 (297.00 x 210.00 мм),1:1,
C:\Users\Loshadka\IdeaProjects\AutoStairDraw\Чертеж1.dwg,3,09.09.2023 1:22:48,Loshadka,AutoCAD PDF (General Documentation).pc3,ISO без полей A4 (297.00 x 210.00 мм),1:1,
C:\Users\Loshadka\IdeaProjects\AutoStairDraw\Чертеж1.dwg,1,09.09.2023 1:25:03,Loshadka,AutoCAD PDF (General Documentation).pc3,ISO без полей A4 (297.00 x 210.00 мм),1:1,
C:\Users\Loshadka\IdeaProjects\AutoStairDraw\Чертеж1.dwg,2,09.09.2023 1:25:05,Loshadka,AutoCAD PDF (General Documentation).pc3,ISO без полей A4 (297.00 x 210.00 мм),1:1,
C:\Users\Loshadka\IdeaProjects\AutoStairDraw\Чертеж1.dwg,3,09.09.2023 1:25:07,Loshadka,AutoCAD PDF (General Documentation).pc3,ISO без полей A4 (297.00 x 210.00 мм),1:1,
C:\Users\Loshadka\IdeaProjects\AutoStairDraw\Чертеж1.dwg,1,09.09.2023 1:26:15,Loshadka,AutoCAD PDF (General Documentation).pc3,ISO без полей A4 (297.00 x 210.00 мм),1:1,
C:\Users\Loshadka\IdeaProjects\AutoStairDraw\Чертеж1.dwg,2,09.09.2023 1:26:18,Loshadka,AutoCAD PDF (General Documentation).pc3,ISO без полей A4 (297.00 x 210.00 мм),1:1,
C:\Users\Loshadka\IdeaProjects\AutoStairDraw\Чертеж1.dwg,3,09.09.2023 1:26:19,Loshadka,AutoCAD PDF (General Documentation).pc3,ISO без полей A4 (297.00 x 210.00 мм),1:1,
C:\Users\Loshadka\IdeaProjects\AutoStairDraw\Чертеж1.dwg,1,11.09.2023 12:11:14,Loshadka,AutoCAD PDF (General Documentation).pc3,ISO без полей A4 (297.00 x 210.00 мм),1:1,
C:\Users\Loshadka\IdeaProjects\AutoStairDraw\Чертеж1.dwg,2,11.09.2023 12:11:17,Loshadka,AutoCAD PDF (General Documentation).pc3,ISO без полей A4 (297.00 x 210.00 мм),1:1,
C:\Users\Loshadka\IdeaProjects\AutoStairDraw\Чертеж1.dwg,3,11.09.2023 12:11:18,Loshadka,AutoCAD PDF (General Documentation).pc3,ISO без полей A4 (297.00 x 210.00 мм),1:1,
C:\Users\Loshadka\IdeaProjects\AutoStairDraw\Чертеж1.dwg,1,11.09.2023 12:16:41,Loshadka,AutoCAD PDF (General Documentation).pc3,ISO без полей A4 (297.00 x 210.00 мм),1:1,
C:\Users\Loshadka\IdeaProjects\AutoStairDraw\Чертеж1.dwg,2,11.09.2023 12:16:43,Loshadka,AutoCAD PDF (General Documentation).pc3,ISO без полей A4 (297.00 x 210.00 мм),1:1,
C:\Users\Loshadka\IdeaProjects\AutoStairDraw\Чертеж1.dwg,3,11.09.2023 12:16:44,Loshadka,AutoCAD PDF (General Documentation).pc3,ISO без полей A4 (297.00 x 210.00 мм),1:1,
C:\Users\Loshadka\IdeaProjects\AutoStairDraw\Чертеж1.dwg,1,11.09.2023 13:09:15,Loshadka,AutoCAD PDF (General Documentation).pc3,ISO без полей A4 (297.00 x 210.00 мм),1:1,
C:\Users\Loshadka\IdeaProjects\AutoStairDraw\Чертеж1.dwg,2,11.09.2023 13:09:17,Loshadka,AutoCAD PDF (General Documentation).pc3,ISO без полей A4 (297.00 x 210.00 мм),1:1,
C:\Users\Loshadka\IdeaProjects\AutoStairDraw\Чертеж1.dwg,3,11.09.2023 13:09:20,Loshadka,AutoCAD PDF (General Documentation).pc3,ISO без полей A4 (297.00 x 210.00 мм),1:1,
C:\Users\Loshadka\IdeaProjects\AutoStairDraw\Чертеж1.dwg,1,11.09.2023 13:13:28,Loshadka,AutoCAD PDF (General Documentation).pc3,ISO без полей A4 (297.00 x 210.00 мм),1:1,
C:\Users\Loshadka\IdeaProjects\AutoStairDraw\Чертеж1.dwg,2,11.09.2023 13:13:31,Loshadka,AutoCAD PDF (General Documentation).pc3,ISO без полей A4 (297.00 x 210.00 мм),1:1,
C:\Users\Loshadka\IdeaProjects\AutoStairDraw\Чертеж1.dwg,3,11.09.2023 13:13:34,Loshadka,AutoCAD PDF (General Documentation).pc3,ISO без полей A4 (297.00 x 210.00 мм),1:1,
C:\Users\Loshadka\IdeaProjects\AutoStairDraw\Чертеж1.dwg,1,11.09.2023 13:14:25,Loshadka,AutoCAD PDF (General Documentation).pc3,ISO без полей A4 (297.00 x 210.00 мм),1:1,
C:\Users\Loshadka\IdeaProjects\AutoStairDraw\Чертеж1.dwg,2,11.09.2023 13:14:27,Loshadka,AutoCAD PDF (General Documentation).pc3,ISO без полей A4 (297.00 x 210.00 мм),1:1,
C:\Users\Loshadka\IdeaProjects\AutoStairDraw\Чертеж1.dwg,3,11.09.2023 13:14:28,Loshadka,AutoCAD PDF (General Documentation).pc3,ISO без полей A4 (297.00 x 210.00 мм),1:1,
C:\Users\Loshadka\IdeaProjects\AutoStairDraw\Чертеж1.dwg,1,11.09.2023 13:14:34,Loshadka,AutoCAD PDF (General Documentation).pc3,ISO без полей A4 (297.00 x 210.00 мм),1:1,
C:\Users\Loshadka\IdeaProjects\AutoStairDraw\Чертеж1.dwg,2,11.09.2023 13:14:36,Loshadka,AutoCAD PDF (General Documentation).pc3,ISO без полей A4 (297.00 x 210.00 мм),1:1,
C:\Users\Loshadka\IdeaProjects\AutoStairDraw\Чертеж1.dwg,3,11.09.2023 13:14:38,Loshadka,AutoCAD PDF (General Documentation).pc3,ISO без полей A4 (297.00 x 210.00 мм),1:1,
C:\Users\Loshadka\IdeaProjects\AutoStairDraw\Чертеж1.dwg,1,11.09.2023 13:16:05,Loshadka,AutoCAD PDF (General Documentation).pc3,ISO без полей A4 (297.00 x 210.00 мм),1:1,
C:\Users\Loshadka\IdeaProjects\AutoStairDraw\Чертеж1.dwg,2,11.09.2023 13:16:10,Loshadka,AutoCAD PDF (General Documentation).pc3,ISO без полей A4 (297.00 x 210.00 мм),1:1,
C:\Users\Loshadka\IdeaProjects\AutoStairDraw\Чертеж1.dwg,3,11.09.2023 13:16:12,Loshadka,AutoCAD PDF (General Documentation).pc3,ISO без полей A4 (297.00 x 210.00 мм),1:1,
C:\Users\Loshadka\IdeaProjects\AutoStairDraw\Чертеж1.dwg,1,11.09.2023 13:18:02,Loshadka,AutoCAD PDF (General Documentation).pc3,ISO без полей A4 (297.00 x 210.00 мм),1:1,
C:\Users\Loshadka\IdeaProjects\AutoStairDraw\Чертеж1.dwg,2,11.09.2023 13:18:05,Loshadka,AutoCAD PDF (General Documentation).pc3,ISO без полей A4 (297.00 x 210.00 мм),1:1,
C:\Users\Loshadka\IdeaProjects\AutoStairDraw\Чертеж1.dwg,3,11.09.2023 13:18:06,Loshadka,AutoCAD PDF (General Documentation).pc3,ISO без полей A4 (297.00 x 210.00 мм),1:1,
C:\Users\Loshadka\IdeaProjects\AutoStairDraw\Чертеж1.dwg,1,11.09.2023 13:18:55,Loshadka,AutoCAD PDF (General Documentation).pc3,ISO без полей A4 (297.00 x 210.00 мм),1:1,
C:\Users\Loshadka\IdeaProjects\AutoStairDraw\Чертеж1.dwg,2,11.09.2023 13:18:57,Loshadka,AutoCAD PDF (General Documentation).pc3,ISO без полей A4 (297.00 x 210.00 мм),1:1,
C:\Users\Loshadka\IdeaProjects\AutoStairDraw\Чертеж1.dwg,3,11.09.2023 13:19:00,Loshadka,AutoCAD PDF (General Documentation).pc3,ISO без полей A4 (297.00 x 210.00 мм),1:1,
C:\Users\Loshadka\IdeaProjects\AutoStairDraw\Чертеж1.dwg,1,11.09.2023 13:19:48,Loshadka,AutoCAD PDF (General Documentation).pc3,ISO без полей A4 (297.00 x 210.00 мм),1:1,
C:\Users\Loshadka\IdeaProjects\AutoStairDraw\Чертеж1.dwg,2,11.09.2023 13:19:50,Loshadka,AutoCAD PDF (General Documentation).pc3,ISO без полей A4 (297.00 x 210.00 мм),1:1,
C:\Users\Loshadka\IdeaProjects\AutoStairDraw\Чертеж1.dwg,3,11.09.2023 13:19:53,Loshadka,AutoCAD PDF (General Documentation).pc3,ISO без полей A4 (297.00 x 210.00 мм),1:1,
C:\Users\Loshadka\IdeaProjects\AutoStairDraw\Чертеж1.dwg,1,11.09.2023 13:23:51,Loshadka,AutoCAD PDF (General Documentation).pc3,ISO без полей A4 (297.00 x 210.00 мм),1:1,
C:\Users\Loshadka\IdeaProjects\AutoStairDraw\Чертеж1.dwg,2,11.09.2023 13:23:55,Loshadka,AutoCAD PDF (General Documentation).pc3,ISO без полей A4 (297.00 x 210.00 мм),1:1,
C:\Users\Loshadka\IdeaProjects\AutoStairDraw\Чертеж1.dwg,3,11.09.2023 13:23:56,Loshadka,AutoCAD PDF (General Documentation).pc3,ISO без полей A4 (297.00 x 210.00 мм),1:1,
C:\Users\Loshadka\IdeaProjects\AutoStairDraw\Чертеж1.dwg,1,11.09.2023 13:25:02,Loshadka,AutoCAD PDF (General Documentation).pc3,ISO без полей A4 (297.00 x 210.00 мм),1:1,
C:\Users\Loshadka\IdeaProjects\AutoStairDraw\Чертеж1.dwg,2,11.09.2023 13:25:04,Loshadka,AutoCAD PDF (General Documentation).pc3,ISO без полей A4 (297.00 x 210.00 мм),1:1,
C:\Users\Loshadka\IdeaProjects\AutoStairDraw\Чертеж1.dwg,3,11.09.2023 13:25:06,Loshadka,AutoCAD PDF (General Documentation).pc3,ISO без полей A4 (297.00 x 210.00 мм),1:1,
C:\Users\Loshadka\IdeaProjects\AutoStairDraw\Чертеж1.dwg,1,11.09.2023 13:36:29,Loshadka,AutoCAD PDF (General Documentation).pc3,ISO без полей A4 (297.00 x 210.00 мм),1:1,
C:\Users\Loshadka\IdeaProjects\AutoStairDraw\Чертеж1.dwg,2,11.09.2023 13:36:33,Loshadka,AutoCAD PDF (General Documentation).pc3,ISO без полей A4 (297.00 x 210.00 мм),1:1,
C:\Users\Loshadka\IdeaProjects\AutoStairDraw\Чертеж1.dwg,3,11.09.2023 13:36:34,Loshadka,AutoCAD PDF (General Documentation).pc3,ISO без полей A4 (297.00 x 210.00 мм),1:1,
C:\Users\Loshadka\IdeaProjects\AutoStairDraw\Чертеж1.dwg,1,11.09.2023 13:40:33,Loshadka,AutoCAD PDF (General Documentation).pc3,ISO без полей A4 (297.00 x 210.00 мм),1:1,
C:\Users\Loshadka\IdeaProjects\AutoStairDraw\Чертеж1.dwg,2,11.09.2023 13:40:36,Loshadka,AutoCAD PDF (General Documentation).pc3,ISO без полей A4 (297.00 x 210.00 мм),1:1,
C:\Users\Loshadka\IdeaProjects\AutoStairDraw\Чертеж1.dwg,3,11.09.2023 13:40:37,Loshadka,AutoCAD PDF (General Documentation).pc3,ISO без полей A4 (297.00 x 210.00 мм),1:1,
C:\Users\Loshadka\IdeaProjects\AutoStairDraw\Чертеж1.dwg,1,12.09.2023 21:51:13,Loshadka,AutoCAD PDF (General Documentation).pc3,ISO без полей A4 (297.00 x 210.00 мм),1:1,
C:\Users\Loshadka\IdeaProjects\AutoStairDraw\Чертеж1.dwg,2,12.09.2023 21:51:17,Loshadka,AutoCAD PDF (General Documentation).pc3,ISO без полей A4 (297.00 x 210.00 мм),1:1,
C:\Users\Loshadka\IdeaProjects\AutoStairDraw\Чертеж1.dwg,3,12.09.2023 21:51:19,Loshadka,AutoCAD PDF (General Documentation).pc3,ISO без полей A4 (297.00 x 210.00 мм),1:1,
C:\Users\Loshadka\IdeaProjects\AutoStairDraw\Чертеж1.dwg,1,13.09.2023 20:41:01,Loshadka,AutoCAD PDF (General Documentation).pc3,ISO без полей A4 (297.00 x 210.00 мм),1:1,
C:\Users\Loshadka\IdeaProjects\AutoStairDraw\Чертеж1.dwg,1,13.09.2023 20:58:13,Loshadka,AutoCAD PDF (General Documentation).pc3,ISO без полей A4 (297.00 x 210.00 мм),1:1,
C:\Users\Loshadka\IdeaProjects\AutoStairDraw\Чертеж1.dwg,2,13.09.2023 20:58:15,Loshadka,AutoCAD PDF (General Documentation).pc3,ISO без полей A4 (297.00 x 210.00 мм),1:1,
C:\Users\Loshadka\IdeaProjects\AutoStairDraw\Чертеж1.dwg,3,13.09.2023 20:58:18,Loshadka,AutoCAD PDF (General Documentation).pc3,ISO без полей A4 (297.00 x 210.00 мм),1:1,
C:\Users\Loshadka\IdeaProjects\AutoStairDraw\Чертеж1.dwg,1,14.09.2023 2:27:38,Loshadka,AutoCAD PDF (General Documentation).pc3,ISO без полей A4 (297.00 x 210.00 мм),1:1,
C:\Users\Loshadka\IdeaProjects\AutoStairDraw\Чертеж1.dwg,2,14.09.2023 2:27:39,Loshadka,AutoCAD PDF (General Documentation).pc3,ISO без полей A4 (297.00 x 210.00 мм),1:1,
C:\Users\Loshadka\IdeaProjects\AutoStairDraw\Чертеж1.dwg,3,14.09.2023 2:27:40,Loshadka,AutoCAD PDF (General Documentation).pc3,ISO без полей A4 (297.00 x 210.00 мм),1:1,
C:\Users\Loshadka\IdeaProjects\AutoStairDraw\Чертеж1.dwg,1,14.09.2023 2:28:45,Loshadka,AutoCAD PDF (General Documentation).pc3,ISO без полей A4 (297.00 x 210.00 мм),1:1,
C:\Users\Loshadka\IdeaProjects\AutoStairDraw\Чертеж1.dwg,1,14.09.2023 2:29:33,Loshadka,AutoCAD PDF (General Documentation).pc3,ISO без полей A4 (297.00 x 210.00 мм),1:1,
C:\Users\Loshadka\IdeaProjects\AutoStairDraw\Чертеж1.dwg,1,14.09.2023 2:34:19,Loshadka,AutoCAD PDF (General Documentation).pc3,ISO без полей A4 (297.00 x 210.00 мм),1:1,
C:\Users\Loshadka\IdeaProjects\AutoStairDraw\Чертеж1.dwg,1,14.09.2023 2:36:26,Loshadka,AutoCAD PDF (General Documentation).pc3,ISO без полей A4 (297.00 x 210.00 мм),1:1,
C:\Users\Loshadka\IdeaProjects\AutoStairDraw\Чертеж1.dwg,1,14.09.2023 2:38:36,Loshadka,AutoCAD PDF (General Documentation).pc3,ISO без полей A4 (297.00 x 210.00 мм),1:1,
C:\Users\Loshadka\IdeaProjects\AutoStairDraw\Чертеж1.dwg,2,14.09.2023 2:38:39,Loshadka,AutoCAD PDF (General Documentation).pc3,ISO без полей A4 (297.00 x 210.00 мм),1:1,
C:\Users\Loshadka\IdeaProjects\AutoStairDraw\Чертеж1.dwg,3,14.09.2023 2:38:40,Loshadka,AutoCAD PDF (General Documentation).pc3,ISO без полей A4 (297.00 x 210.00 мм),1:1,
C:\Users\Loshadka\IdeaProjects\AutoStairDraw\Чертеж1.dwg,1,14.09.2023 2:43:04,Loshadka,AutoCAD PDF (General Documentation).pc3,ISO без полей A4 (297.00 x 210.00 мм),1:1,
C:\Users\Loshadka\IdeaProjects\AutoStairDraw\Чертеж1.dwg,1,14.09.2023 2:43:17,Loshadka,AutoCAD PDF (General Documentation).pc3,ISO без полей A4 (297.00 x 210.00 мм),1:1,
E:\Хранилище\Работа\Лестница для Г\Чертеж1.dwg,1,14.09.2023 4:11:31,Loshadka,AutoCAD PDF (General Documentation).pc3,ISO без полей A4 (297.00 x 210.00 мм),1:1,
E:\Хранилище\Работа\Лестница для Г\Чертеж1.dwg,2,14.09.2023 4:12:15,Loshadka,AutoCAD PDF (General Documentation).pc3,ISO без полей A4 (297.00 x 210.00 мм),1:1,
E:\Хранилище\Работа\Лестница для Г\Чертеж1.dwg,3,14.09.2023 4:12:18,Loshadka,AutoCAD PDF (General Documentation).pc3,ISO без полей A4 (297.00 x 210.00 мм),1:1,
E:\Хранилище\Работа\Лестница для Г\Чертеж1.dwg,2 (2),14.09.2023 4:13:43,Loshadka,AutoCAD PDF (General Documentation).pc3,ISO без полей A4 (297.00 x 210.00 мм),1:1,
E:\Хранилище\Работа\Лестница для Г\Чертеж1.dwg,1,14.09.2023 4:18:16,Loshadka,AutoCAD PDF (General Documentation).pc3,ISO без полей A4 (297.00 x 210.00 мм),1:1,
E:\Хранилище\Работа\Лестница для Г\Чертеж1.dwg,2,14.09.2023 4:18:19,Loshadka,AutoCAD PDF (General Documentation).pc3,ISO без полей A4 (297.00 x 210.00 мм),1:1,
E:\Хранилище\Работа\Лестница для Г\Чертеж1.dwg,3,14.09.2023 4:18:22,Loshadka,AutoCAD PDF (General Documentation).pc3,ISO без полей A4 (297.00 x 210.00 мм),1:1,
E:\Хранилище\Работа\Лестница для Г\Чертеж1.dwg,2 (2),14.09.2023 4:19:45,Loshadka,AutoCAD PDF (General Documentation).pc3,ISO без полей A4 (297.00 x 210.00 мм),1:1,
E:\Хранилище\Работа\Ворота с калиткой\Ворота, две калитки.dwg,1. 3 Д,15.09.2023 9:09:49,Loshadka,AutoCAD PDF (General Documentation).pc3,ISO без полей A4 (297.00 x 210.00 мм),1:1,
E:\Хранилище\Работа\Ворота с калиткой\Ворота, две калитки.dwg,2. 3 Д (2),15.09.2023 9:09:51,Loshadka,AutoCAD PDF (General Documentation).pc3,ISO без полей A4 (297.00 x 210.00 мм),1:1,
E:\Хранилище\Работа\Ворота с калиткой\Ворота, две калитки.dwg,2. 3 Д (5),15.09.2023 9:09:52,Loshadka,AutoCAD PDF (General Documentation).pc3,ISO без полей A4 (297.00 x 210.00 мм),1:1,
E:\Хранилище\Работа\Ворота с калиткой\Ворота, две калитки.dwg,2. 3 Д (6),15.09.2023 9:09:54,Loshadka,AutoCAD PDF (General Documentation).pc3,ISO без полей A4 (297.00 x 210.00 мм),1:1,
E:\Хранилище\Работа\Ворота с калиткой\Ворота, две калитки.dwg,Вид сверху,15.09.2023 9:09:55,Loshadka,AutoCAD PDF (General Documentation).pc3,ISO без полей A4 (210.00 x 297.00 мм),1:1,
E:\Хранилище\Работа\Ворота с калиткой\Ворота, две калитки.dwg,Сбоку1,15.09.2023 9:09:56,Loshadka,AutoCAD PDF (General Documentation).pc3,ISO без полей A4 (210.00 x 297.00 мм),1:1,
E:\Хранилище\Работа\Ворота с калиткой\Ворота, две калитки.dwg,Спереди1,15.09.2023 9:09:57,Loshadka,AutoCAD PDF (General Documentation).pc3,ISO без полей A4 (210.00 x 297.00 мм),1:1,
E:\Хранилище\Работа\Ворота с калиткой\Ворота, две калитки.dwg,1. 3 Д (2),15.09.2023 9:09:59,Loshadka,AutoCAD PDF (General Documentation).pc3,ISO без полей A4 (297.00 x 210.00 мм),1:1,
E:\Хранилище\Работа\Ворота с калиткой\Ворота, две калитки.dwg,2. 3 Д (3),15.09.2023 9:10:00,Loshadka,AutoCAD PDF (General Documentation).pc3,ISO без полей A4 (297.00 x 210.00 мм),1:1,
E:\Хранилище\Работа\Ворота с калиткой\Ворота, две калитки.dwg,2. 3 Д (7),15.09.2023 9:10:01,Loshadka,AutoCAD PDF (General Documentation).pc3,ISO без полей A4 (297.00 x 210.00 мм),1:1,
E:\Хранилище\Работа\Ворота с калиткой\Ворота, две калитки.dwg,2. 3 Д (8),15.09.2023 9:10:03,Loshadka,AutoCAD PDF (General Documentation).pc3,ISO без полей A4 (297.00 x 210.00 мм),1:1,
E:\Хранилище\Работа\Ворота с калиткой\Ворота, две калитки.dwg,Вид сверху (2),15.09.2023 9:10:04,Loshadka,AutoCAD PDF (General Documentation).pc3,ISO без полей A4 (297.00 x 210.00 мм),1:1,
E:\Хранилище\Работа\Ворота с калиткой\Ворота, две калитки.dwg,Сбоку1 (2),15.09.2023 9:10:05,Loshadka,AutoCAD PDF (General Documentation).pc3,ISO без полей A4 (210.00 x 297.00 мм),1:1,
E:\Хранилище\Работа\Ворота с калиткой\Ворота, две калитки.dwg,Спереди1 (2),15.09.2023 9:10:06,Loshadka,AutoCAD PDF (General Documentation).pc3,ISO без полей A4 (210.00 x 297.00 мм),1:1,
